<?xml version="1.0" encoding="UTF-8"?>
<!-- Generated by org.testng.reporters.JUnitReportReporter -->
<testsuite hostname="DESKTOP-9B3BV7M" failures="0" tests="5" name="TestCases.Pages" time="0.108" errors="0" timestamp="2023-10-21T15:12:17 EDT" skipped="0">
  <testcase classname="TestCases.Pages" name="test1" time="0.028"/>
  <testcase classname="TestCases.Pages" name="testcase3" time="0.023"/>
  <testcase classname="TestCases.Pages" name="test2" time="0.009"/>
  <testcase classname="TestCases.Pages" name="testcase2" time="0.008"/>
  <testcase classname="TestCases.Pages" name="testcase1" time="0.040"/>
</testsuite> <!-- TestCases.Pages -->
