<?xml version="1.0" encoding="UTF-8"?>
<!-- Generated by org.testng.reporters.JUnitReportReporter -->
<testsuite hostname="DESKTOP-9B3BV7M" failures="0" tests="4" name="TestCases.UPagesTesting" time="32.104" errors="0" timestamp="2023-10-22T23:04:47 EDT" skipped="0">
  <testcase classname="TestCases.UPagesTesting" name="test3_ValidateNameField" time="7.500"/>
  <testcase classname="TestCases.UPagesTesting" name="testContactFormSubmission" time="8.244"/>
  <testcase classname="TestCases.UPagesTesting" name="test2_ValidatePageTitle" time="7.313"/>
  <testcase classname="TestCases.UPagesTesting" name="testSubmissionSuccess" time="9.047"/>
</testsuite> <!-- TestCases.UPagesTesting -->
