<?xml version="1.0" encoding="UTF-8"?>
<!-- Generated by org.testng.reporters.JUnitReportReporter -->
<testsuite hostname="DESKTOP-9B3BV7M" failures="0" tests="1" name="TestCases.ContactUsTest" time="3.859" errors="0" timestamp="2023-10-22T15:26:34 EDT" skipped="0">
  <testcase classname="TestCases.ContactUsTest" name="test2_ValidatePageTitle" time="3.859"/>
</testsuite> <!-- TestCases.ContactUsTest -->
