<?xml version="1.0" encoding="UTF-8"?>
<!-- Generated by org.testng.reporters.JUnitReportReporter -->
<testsuite hostname="DESKTOP-9B3BV7M" failures="0" tests="5" name="TestCases.Annotations" time="0.060" errors="0" timestamp="2023-10-21T15:19:50 EDT" skipped="0">
  <testcase classname="TestCases.Annotations" name="test1" time="0.012"/>
  <testcase classname="TestCases.Annotations" name="testcase3" time="0.012"/>
  <testcase classname="TestCases.Annotations" name="test2" time="0.014"/>
  <testcase classname="TestCases.Annotations" name="testcase2" time="0.007"/>
  <testcase classname="TestCases.Annotations" name="testcase1" time="0.015"/>
</testsuite> <!-- TestCases.Annotations -->
